Build started 4/11/2012 11:07:55 AM.
     1>Project "C:\Users\gwbohannan\Documents\RotaryJoint\Fractional\Fractional.vcxproj" on node 2 (build target(s)).
     1>InitializeBuildStatus:
         Creating ".\Debug\Fractional.unsuccessfulbuild" because "AlwaysCreate" was specified.
       ClCompile:
         All outputs are up-to-date.
         c:\Program Files\Microsoft Visual Studio 10.0\VC\bin\CL.exe /c /ZI /nologo /W3 /WX- /Od /Oy- /D WIN32 /D _DEBUG /D _WINDOWS /D _VC80_UPGRADE=0x0600 /D _AFXDLL /Gm /EHsc /MDd /GS /Gy- /fp:precise /Zc:wchar_t /Zc:forScope /Yu"stdafx.h" /Fp".\Debug\Fractional.pch" /Fo".\Debug\\" /Fd".\Debug\vc100.pdb" /Gd /TP /analyze- /errorReport:prompt FracDoc.cpp
         FracDoc.cpp
       ResourceCompile:
         All outputs are up-to-date.
       ManifestResourceCompile:
         All outputs are up-to-date.
       Link:
         c:\Program Files\Microsoft Visual Studio 10.0\VC\bin\link.exe /ERRORREPORT:PROMPT /OUT:".\Debug\Fractional.exe" /INCREMENTAL /NOLOGO /MANIFEST /ManifestFile:".\Debug\Fractional.exe.intermediate.manifest" /MANIFESTUAC:"level='asInvoker' uiAccess='false'" /DEBUG /PDB:"C:\Users\gwbohannan\Documents\RotaryJoint\Fractional\Debug\Fractional.pdb" /SUBSYSTEM:WINDOWS /TLBID:1 /DYNAMICBASE /NXCOMPAT /IMPLIB:".\Debug\Fractional.lib" /MACHINE:X86 .\Debug\Fractional.res
         .\Debug\Fractional.exe.embed.manifest.res
         .\Debug\FracDoc.obj
         .\Debug\Fractional.obj
         .\Debug\FracView.obj
         .\Debug\MainFrm.obj
         .\Debug\Measurement.obj
         .\Debug\Noise.obj
         .\Debug\Nrutil.obj
         .\Debug\PageSelect.obj
         .\Debug\Param.obj
         .\Debug\StdAfx.obj
       Manifest:
         C:\Program Files\Microsoft SDKs\Windows\v7.0A\bin\mt.exe /nologo /verbose /out:".\Debug\Fractional.exe.embed.manifest" /manifest .\Debug\Fractional.exe.intermediate.manifest "c:\Program Files\Microsoft Visual Studio 10.0\VC\Include\Manifest\dpiaware.manifest"
         All outputs are up-to-date.
       LinkEmbedManifest:
         All outputs are up-to-date.
         Fractional.vcxproj -> C:\Users\gwbohannan\Documents\RotaryJoint\Fractional\.\Debug\Fractional.exe
       FinalizeBuildStatus:
         Deleting file ".\Debug\Fractional.unsuccessfulbuild".
         Touching ".\Debug\Fractional.lastbuildstate".
     1>Done Building Project "C:\Users\gwbohannan\Documents\RotaryJoint\Fractional\Fractional.vcxproj" (build target(s)).

Build succeeded.

Time Elapsed 00:00:09.06
