.\Debug\Fractional.ilk
.\Debug\Fractional.pdb
C:\Users\gwbohannan\Documents\RotaryJoint\Fractional\.\Debug\Fractional.exe
C:\Users\gwbohannan\Documents\RotaryJoint\Fractional\.\Debug\Fractional.exe.intermediate.manifest
C:\Users\gwbohannan\Documents\RotaryJoint\Fractional\Debug\cl.command.1.tlog
C:\Users\gwbohannan\Documents\RotaryJoint\Fractional\Debug\CL.read.1.tlog
C:\Users\gwbohannan\Documents\RotaryJoint\Fractional\Debug\CL.write.1.tlog
C:\USERS\GWBOHANNAN\DOCUMENTS\ROTARYJOINT\FRACTIONAL\DEBUG\FRACDOC.OBJ
C:\USERS\GWBOHANNAN\DOCUMENTS\ROTARYJOINT\FRACTIONAL\DEBUG\FRACTIONAL.EXE
C:\USERS\GWBOHANNAN\DOCUMENTS\ROTARYJOINT\FRACTIONAL\DEBUG\FRACTIONAL.EXE.EMBED.MANIFEST
C:\USERS\GWBOHANNAN\DOCUMENTS\ROTARYJOINT\FRACTIONAL\DEBUG\FRACTIONAL.EXE.EMBED.MANIFEST.RES
C:\USERS\GWBOHANNAN\DOCUMENTS\ROTARYJOINT\FRACTIONAL\DEBUG\FRACTIONAL.EXE.INTERMEDIATE.MANIFEST
C:\USERS\GWBOHANNAN\DOCUMENTS\ROTARYJOINT\FRACTIONAL\DEBUG\FRACTIONAL.ILK
C:\USERS\GWBOHANNAN\DOCUMENTS\ROTARYJOINT\FRACTIONAL\DEBUG\FRACTIONAL.OBJ
C:\USERS\GWBOHANNAN\DOCUMENTS\ROTARYJOINT\FRACTIONAL\DEBUG\FRACTIONAL.PCH
C:\USERS\GWBOHANNAN\DOCUMENTS\ROTARYJOINT\FRACTIONAL\DEBUG\FRACTIONAL.PDB
C:\USERS\GWBOHANNAN\DOCUMENTS\ROTARYJOINT\FRACTIONAL\DEBUG\FRACTIONAL.RES
C:\Users\gwbohannan\Documents\RotaryJoint\Fractional\Debug\Fractional_manifest.rc
C:\USERS\GWBOHANNAN\DOCUMENTS\ROTARYJOINT\FRACTIONAL\DEBUG\FRACVIEW.OBJ
C:\Users\gwbohannan\Documents\RotaryJoint\Fractional\Debug\link.command.1.tlog
C:\Users\gwbohannan\Documents\RotaryJoint\Fractional\Debug\link.read.1.tlog
C:\Users\gwbohannan\Documents\RotaryJoint\Fractional\Debug\link.write.1.tlog
C:\Users\gwbohannan\Documents\RotaryJoint\Fractional\Debug\link-cvtres.read.1.tlog
C:\Users\gwbohannan\Documents\RotaryJoint\Fractional\Debug\link-cvtres.write.1.tlog
C:\USERS\GWBOHANNAN\DOCUMENTS\ROTARYJOINT\FRACTIONAL\DEBUG\MAINFRM.OBJ
C:\USERS\GWBOHANNAN\DOCUMENTS\ROTARYJOINT\FRACTIONAL\DEBUG\MEASUREMENT.OBJ
C:\Users\gwbohannan\Documents\RotaryJoint\Fractional\Debug\mt.command.1.tlog
C:\Users\gwbohannan\Documents\RotaryJoint\Fractional\Debug\mt.read.1.tlog
C:\Users\gwbohannan\Documents\RotaryJoint\Fractional\Debug\mt.write.1.tlog
C:\USERS\GWBOHANNAN\DOCUMENTS\ROTARYJOINT\FRACTIONAL\DEBUG\NOISE.OBJ
C:\USERS\GWBOHANNAN\DOCUMENTS\ROTARYJOINT\FRACTIONAL\DEBUG\NRUTIL.OBJ
C:\USERS\GWBOHANNAN\DOCUMENTS\ROTARYJOINT\FRACTIONAL\DEBUG\PAGESELECT.OBJ
C:\USERS\GWBOHANNAN\DOCUMENTS\ROTARYJOINT\FRACTIONAL\DEBUG\PARAM.OBJ
C:\Users\gwbohannan\Documents\RotaryJoint\Fractional\Debug\rc.command.1.tlog
C:\Users\gwbohannan\Documents\RotaryJoint\Fractional\Debug\rc.read.1.tlog
C:\Users\gwbohannan\Documents\RotaryJoint\Fractional\Debug\rc.write.1.tlog
C:\USERS\GWBOHANNAN\DOCUMENTS\ROTARYJOINT\FRACTIONAL\DEBUG\STDAFX.OBJ
C:\Users\gwbohannan\Documents\RotaryJoint\Fractional\Debug\vc100.idb
C:\USERS\GWBOHANNAN\DOCUMENTS\ROTARYJOINT\FRACTIONAL\DEBUG\VC100.PDB
