Build started 7/24/2013 11:57:58 AM.
     1>Project "C:\Users\sdorsher\Documents\Bohannan\FractionalComputation\Dalpha_Grundwald\Dalpha\Dalpha.vcxproj" on node 2 (build target(s)).
     1>InitializeBuildStatus:
         Creating "Debug\Dalpha.unsuccessfulbuild" because "AlwaysCreate" was specified.
       ClCompile:
         All outputs are up-to-date.
         c:\Program Files (x86)\Microsoft Visual Studio 10.0\VC\bin\CL.exe /c /ZI /nologo /W3 /WX- /Od /Oy- /D WIN32 /D _DEBUG /D _CONSOLE /D _UNICODE /D UNICODE /D _AFXDLL /Gm /EHsc /RTC1 /MDd /GS /fp:precise /Zc:wchar_t /Zc:forScope /Fo"Debug\\" /Fd"Debug\vc100.pdb" /Gd /TP /analyze- /errorReport:prompt MAIN.cpp
         MAIN.cpp
     1>c:\users\sdorsher\documents\bohannan\fractionalcomputation\dalpha_grundwald\dalpha\main.cpp(260): warning C4244: '=' : conversion from 'double' to 'int', possible loss of data
     1>c:\users\sdorsher\documents\bohannan\fractionalcomputation\dalpha_grundwald\dalpha\main.cpp(322): warning C4996: 'sprintf': This function or variable may be unsafe. Consider using sprintf_s instead. To disable deprecation, use _CRT_SECURE_NO_WARNINGS. See online help for details.
                 c:\program files (x86)\microsoft visual studio 10.0\vc\include\stdio.h(371) : see declaration of 'sprintf'
     1>c:\users\sdorsher\documents\bohannan\fractionalcomputation\dalpha_grundwald\dalpha\main.cpp(328): warning C4996: 'sprintf': This function or variable may be unsafe. Consider using sprintf_s instead. To disable deprecation, use _CRT_SECURE_NO_WARNINGS. See online help for details.
                 c:\program files (x86)\microsoft visual studio 10.0\vc\include\stdio.h(371) : see declaration of 'sprintf'
     1>c:\users\sdorsher\documents\bohannan\fractionalcomputation\dalpha_grundwald\dalpha\main.cpp(334): warning C4996: 'sprintf': This function or variable may be unsafe. Consider using sprintf_s instead. To disable deprecation, use _CRT_SECURE_NO_WARNINGS. See online help for details.
                 c:\program files (x86)\microsoft visual studio 10.0\vc\include\stdio.h(371) : see declaration of 'sprintf'
     1>c:\users\sdorsher\documents\bohannan\fractionalcomputation\dalpha_grundwald\dalpha\main.cpp(340): warning C4996: 'sprintf': This function or variable may be unsafe. Consider using sprintf_s instead. To disable deprecation, use _CRT_SECURE_NO_WARNINGS. See online help for details.
                 c:\program files (x86)\microsoft visual studio 10.0\vc\include\stdio.h(371) : see declaration of 'sprintf'
     1>c:\users\sdorsher\documents\bohannan\fractionalcomputation\dalpha_grundwald\dalpha\main.cpp(346): warning C4996: 'sprintf': This function or variable may be unsafe. Consider using sprintf_s instead. To disable deprecation, use _CRT_SECURE_NO_WARNINGS. See online help for details.
                 c:\program files (x86)\microsoft visual studio 10.0\vc\include\stdio.h(371) : see declaration of 'sprintf'
     1>c:\users\sdorsher\documents\bohannan\fractionalcomputation\dalpha_grundwald\dalpha\main.cpp(404): warning C4996: 'sprintf': This function or variable may be unsafe. Consider using sprintf_s instead. To disable deprecation, use _CRT_SECURE_NO_WARNINGS. See online help for details.
                 c:\program files (x86)\microsoft visual studio 10.0\vc\include\stdio.h(371) : see declaration of 'sprintf'
     1>c:\users\sdorsher\documents\bohannan\fractionalcomputation\dalpha_grundwald\dalpha\main.cpp(422): warning C4996: 'sprintf': This function or variable may be unsafe. Consider using sprintf_s instead. To disable deprecation, use _CRT_SECURE_NO_WARNINGS. See online help for details.
                 c:\program files (x86)\microsoft visual studio 10.0\vc\include\stdio.h(371) : see declaration of 'sprintf'
     1>c:\users\sdorsher\documents\bohannan\fractionalcomputation\dalpha_grundwald\dalpha\main.cpp(440): warning C4996: 'sprintf': This function or variable may be unsafe. Consider using sprintf_s instead. To disable deprecation, use _CRT_SECURE_NO_WARNINGS. See online help for details.
                 c:\program files (x86)\microsoft visual studio 10.0\vc\include\stdio.h(371) : see declaration of 'sprintf'
     1>c:\users\sdorsher\documents\bohannan\fractionalcomputation\dalpha_grundwald\dalpha\main.cpp(550): warning C4018: '<' : signed/unsigned mismatch
     1>c:\users\sdorsher\documents\bohannan\fractionalcomputation\dalpha_grundwald\dalpha\main.cpp(583): warning C4018: '<' : signed/unsigned mismatch
     1>c:\users\sdorsher\documents\bohannan\fractionalcomputation\dalpha_grundwald\dalpha\main.cpp(855): warning C4244: 'argument' : conversion from 'double' to 'int', possible loss of data
     1>c:\users\sdorsher\documents\bohannan\fractionalcomputation\dalpha_grundwald\dalpha\main.cpp(856): warning C4244: 'argument' : conversion from 'double' to 'int', possible loss of data
     1>c:\users\sdorsher\documents\bohannan\fractionalcomputation\dalpha_grundwald\dalpha\main.cpp(865): warning C4244: 'argument' : conversion from 'double' to 'int', possible loss of data
     1>c:\users\sdorsher\documents\bohannan\fractionalcomputation\dalpha_grundwald\dalpha\main.cpp(866): warning C4244: 'argument' : conversion from 'double' to 'int', possible loss of data
     1>c:\users\sdorsher\documents\bohannan\fractionalcomputation\dalpha_grundwald\dalpha\main.cpp(867): warning C4244: 'argument' : conversion from 'double' to 'int', possible loss of data
     1>c:\users\sdorsher\documents\bohannan\fractionalcomputation\dalpha_grundwald\dalpha\main.cpp(868): warning C4244: 'argument' : conversion from 'double' to 'int', possible loss of data
       ManifestResourceCompile:
         All outputs are up-to-date.
       Link:
         c:\Program Files (x86)\Microsoft Visual Studio 10.0\VC\bin\link.exe /ERRORREPORT:PROMPT /OUT:"C:\Users\sdorsher\Documents\Bohannan\FractionalComputation\Dalpha_Grundwald\Debug\Dalpha.exe" /INCREMENTAL /NOLOGO /MANIFEST /ManifestFile:"Debug\Dalpha.exe.intermediate.manifest" /MANIFESTUAC:"level='asInvoker' uiAccess='false'" /DEBUG /PDB:"C:\Users\sdorsher\Documents\Bohannan\FractionalComputation\Dalpha_Grundwald\Debug\Dalpha.pdb" /SUBSYSTEM:CONSOLE /TLBID:1 /DYNAMICBASE /NXCOMPAT /IMPLIB:"C:\Users\sdorsher\Documents\Bohannan\FractionalComputation\Dalpha_Grundwald\Debug\Dalpha.lib" /MACHINE:X86 Debug\Dalpha.exe.embed.manifest.res
         Debug\kiss_fft.obj
         Debug\AvgShiftRegister.obj
         Debug\Dalpha.obj
         Debug\DFT.obj
         Debug\FEDiffereintegrator.obj
         Debug\Fractance2.obj
         Debug\FractOp2.obj
         Debug\FullGrundwald.obj
         Debug\Grundwald.obj
         Debug\IIR_CFEdifferintegrator.obj
         Debug\Integrator.obj
         Debug\IntegratorRecursive.obj
         Debug\MAIN.obj
         Debug\Nrutil.obj
         Debug\PolyRatioFromContFrac.obj
         Debug\ShiftRegister2.obj
       Manifest:
         C:\Program Files (x86)\Microsoft SDKs\Windows\v7.0A\bin\mt.exe /nologo /verbose /out:"Debug\Dalpha.exe.embed.manifest" /manifest Debug\Dalpha.exe.intermediate.manifest "c:\Program Files (x86)\Microsoft Visual Studio 10.0\VC\Include\Manifest\dpiaware.manifest"
         All outputs are up-to-date.
       LinkEmbedManifest:
         All outputs are up-to-date.
         Dalpha.vcxproj -> C:\Users\sdorsher\Documents\Bohannan\FractionalComputation\Dalpha_Grundwald\Debug\Dalpha.exe
       FinalizeBuildStatus:
         Deleting file "Debug\Dalpha.unsuccessfulbuild".
         Touching "Debug\Dalpha.lastbuildstate".
     1>Done Building Project "C:\Users\sdorsher\Documents\Bohannan\FractionalComputation\Dalpha_Grundwald\Dalpha\Dalpha.vcxproj" (build target(s)).

Build succeeded.

Time Elapsed 00:00:02.38
