This is XeTeX, Version 3.1415926-2.3-0.9997.5 (MiKTeX 2.9) (preloaded format=xelatex 2013.6.25)  1 JAN 2014 18:02
entering extended mode
**C:/Users/sdorsher/Documents/Bohannan/DigitalFractorDeepHistoryPaper_12_30_210
3_12/conclusions.tex

(C:/Users/sdorsher/Documents/Bohannan/DigitalFractorDeepHistoryPaper_12_30_2103
_12/conclusions.tex
LaTeX2e <2011/06/27>
Babel <v3.8m> and hyphenation patterns for english, afrikaans, ancientgreek, ar
abic, armenian, assamese, basque, bengali, bokmal, bulgarian, catalan, coptic, 
croatian, czech, danish, dutch, esperanto, estonian, farsi, finnish, french, ga
lician, german, german-x-2009-06-19, greek, gujarati, hindi, hungarian, iceland
ic, indonesian, interlingua, irish, italian, kannada, kurmanji, lao, latin, lat
vian, lithuanian, malayalam, marathi, mongolian, mongolianlmc, monogreek, ngerm
an, ngerman-x-2009-06-19, nynorsk, oriya, panjabi, pinyin, polish, portuguese, 
romanian, russian, sanskrit, serbian, slovak, slovenian, spanish, swedish, swis
sgerman, tamil, telugu, turkish, turkmen, ukenglish, ukrainian, uppersorbian, u
senglishmax, welsh, loaded.

! LaTeX Error: Missing \begin{document}.

See the LaTeX manual or LaTeX Companion for explanation.
Type  H <return>  for immediate help.
 ...                                              
                                                  
l.1 I
     n order to access deep memory while simultaneously conserving computati...

? 
! Emergency stop.
 ...                                              
                                                  
l.1 I
     n order to access deep memory while simultaneously conserving computati...

You're in trouble here.  Try typing  <return>  to proceed.
If that doesn't work, type  X <return>  to quit.

 
Here is how much of TeX's memory you used:
 7 strings out of 429156
 446 string characters out of 3167929
 47373 words of memory out of 3000000
 3356 multiletter control sequences out of 15000+200000
 3640 words of font info for 14 fonts, out of 3000000 for 9000
 786 hyphenation exceptions out of 8191
 5i,0n,4p,523b,14s stack positions out of 5000i,500n,10000p,200000b,50000s
No pages of output.
